生成启动时间为 2015/6/25 7:53:36。
     1>项目“X:\0-学习\1-并行\实验\实验1-OpenMP\[OpenMP]SA14225124_王亚俊\pi2\pi2\pi2.vcxproj”在节点 2 上(build 个目标)。
     1>InitializeBuildStatus:
         正在创建“Debug\pi2.unsuccessfulbuild”，因为已指定“AlwaysCreate”。
       ClCompile:
         F:\VS2010\VC\bin\CL.exe /c /ZI /nologo /W3 /WX- /Od /Oy- /D WIN32 /D _DEBUG /D _CONSOLE /D _UNICODE /D UNICODE /Gm /EHsc /RTC1 /MDd /GS /fp:precise /Zc:wchar_t /Zc:forScope /openmp /Yu"StdAfx.h" /Fp"Debug\pi2.pch" /Fo"Debug\\" /Fd"Debug\vc100.pdb" /Gd /TP /analyze- /errorReport:prompt pi2.cpp
         pi2.cpp
     1>x:\0-学习\1-并行\实验\实验1-openmp\[openmp]sa14225124_王亚俊\pi2\pi2\pi2.cpp(2): warning C4652: 编译器选项“支持 OpenMP 2.0 (/openmp)”与预编译头不一致；当前命令行选项将重写预编译头中定义的选项
       ManifestResourceCompile:
         C:\Program Files (x86)\Microsoft SDKs\Windows\v7.0A\bin\rc.exe /nologo /fo"Debug\pi2.exe.embed.manifest.res" Debug\pi2_manifest.rc 
       Link:
         F:\VS2010\VC\bin\link.exe /ERRORREPORT:PROMPT /OUT:"X:\0-学习\1-并行\实验\实验1-OpenMP\[OpenMP]SA14225124_王亚俊\pi2\Debug\pi2.exe" /INCREMENTAL /NOLOGO kernel32.lib user32.lib gdi32.lib winspool.lib comdlg32.lib advapi32.lib shell32.lib ole32.lib oleaut32.lib uuid.lib odbc32.lib odbccp32.lib /MANIFEST /ManifestFile:"Debug\pi2.exe.intermediate.manifest" /MANIFESTUAC:"level='asInvoker' uiAccess='false'" /DEBUG /PDB:"X:\0-学习\1-并行\实验\实验1-OpenMP\[OpenMP]SA14225124_王亚俊\pi2\Debug\pi2.pdb" /SUBSYSTEM:CONSOLE /TLBID:1 /DYNAMICBASE /NXCOMPAT /IMPLIB:"X:\0-学习\1-并行\实验\实验1-OpenMP\[OpenMP]SA14225124_王亚俊\pi2\Debug\pi2.lib" /MACHINE:X86 Debug\pi2.exe.embed.manifest.res
         Debug\pi2.obj
       Manifest:
         C:\Program Files (x86)\Microsoft SDKs\Windows\v7.0A\bin\mt.exe /nologo /verbose /out:"Debug\pi2.exe.embed.manifest" /manifest Debug\pi2.exe.intermediate.manifest
         所有输出均为最新。
       LinkEmbedManifest:
         所有输出均为最新。
         pi2.vcxproj -> X:\0-学习\1-并行\实验\实验1-OpenMP\[OpenMP]SA14225124_王亚俊\pi2\Debug\pi2.exe
       FinalizeBuildStatus:
         正在删除文件“Debug\pi2.unsuccessfulbuild”。
         正在对“Debug\pi2.lastbuildstate”执行 Touch 任务。
     1>已完成生成项目“X:\0-学习\1-并行\实验\实验1-OpenMP\[OpenMP]SA14225124_王亚俊\pi2\pi2\pi2.vcxproj”(build 个目标)的操作。

生成成功。

已用时间 00:00:02.13
