生成启动时间为 2015/6/25 7:47:00。
     1>项目“X:\0-学习\1-并行\实验\实验1-OpenMP\[OpenMP]SA14225124_王亚俊\juzheng\juzheng\juzheng.vcxproj”在节点 2 上(build 个目标)。
     1>InitializeBuildStatus:
         正在创建“Debug\juzheng.unsuccessfulbuild”，因为已指定“AlwaysCreate”。
       ClCompile:
         F:\VS2010\VC\bin\CL.exe /c /ZI /nologo /W3 /WX- /Od /Oy- /D WIN32 /D _DEBUG /D _CONSOLE /D _UNICODE /D UNICODE /Gm /EHsc /RTC1 /MDd /GS /fp:precise /Zc:wchar_t /Zc:forScope /openmp /Fo"Debug\\" /Fd"Debug\vc100.pdb" /Gd /TP /analyze- /errorReport:prompt juzheng.cpp
         juzheng.cpp
       ManifestResourceCompile:
         C:\Program Files (x86)\Microsoft SDKs\Windows\v7.0A\bin\rc.exe /nologo /fo"Debug\juzheng.exe.embed.manifest.res" Debug\juzheng_manifest.rc 
       Link:
         F:\VS2010\VC\bin\link.exe /ERRORREPORT:PROMPT /OUT:"X:\0-学习\1-并行\实验\实验1-OpenMP\[OpenMP]SA14225124_王亚俊\juzheng\Debug\juzheng.exe" /INCREMENTAL /NOLOGO kernel32.lib user32.lib gdi32.lib winspool.lib comdlg32.lib advapi32.lib shell32.lib ole32.lib oleaut32.lib uuid.lib odbc32.lib odbccp32.lib /MANIFEST /ManifestFile:"Debug\juzheng.exe.intermediate.manifest" /MANIFESTUAC:"level='asInvoker' uiAccess='false'" /DEBUG /PDB:"X:\0-学习\1-并行\实验\实验1-OpenMP\[OpenMP]SA14225124_王亚俊\juzheng\Debug\juzheng.pdb" /SUBSYSTEM:CONSOLE /TLBID:1 /DYNAMICBASE /NXCOMPAT /IMPLIB:"X:\0-学习\1-并行\实验\实验1-OpenMP\[OpenMP]SA14225124_王亚俊\juzheng\Debug\juzheng.lib" /MACHINE:X86 Debug\juzheng.exe.embed.manifest.res
         Debug\juzheng.obj
       Manifest:
         C:\Program Files (x86)\Microsoft SDKs\Windows\v7.0A\bin\mt.exe /nologo /verbose /out:"Debug\juzheng.exe.embed.manifest" /manifest Debug\juzheng.exe.intermediate.manifest
         所有输出均为最新。
       LinkEmbedManifest:
         所有输出均为最新。
         juzheng.vcxproj -> X:\0-学习\1-并行\实验\实验1-OpenMP\[OpenMP]SA14225124_王亚俊\juzheng\Debug\juzheng.exe
       FinalizeBuildStatus:
         正在删除文件“Debug\juzheng.unsuccessfulbuild”。
         正在对“Debug\juzheng.lastbuildstate”执行 Touch 任务。
     1>已完成生成项目“X:\0-学习\1-并行\实验\实验1-OpenMP\[OpenMP]SA14225124_王亚俊\juzheng\juzheng\juzheng.vcxproj”(build 个目标)的操作。

生成成功。

已用时间 00:00:04.97
